#
# There is insufficient memory for the Java Runtime Environment to continue.
# Native memory allocation (malloc) failed to allocate 1088976 bytes for Chunk::new
# Possible reasons:
#   The system is out of physical RAM or swap space
#   The process is running with CompressedOops enabled, and the Java Heap may be blocking the growth of the native heap
# Possible solutions:
#   Reduce memory load on the system
#   Increase physical memory or swap space
#   Check if swap backing store is full
#   Decrease Java heap size (-Xmx/-Xms)
#   Decrease number of Java threads
#   Decrease Java thread stack sizes (-Xss)
#   Set larger code cache with -XX:ReservedCodeCacheSize=
#   JVM is running with Zero Based Compressed Oops mode in which the Java heap is
#     placed in the first 32GB address space. The Java Heap base address is the
#     maximum limit for the native heap growth. Please use -XX:HeapBaseMinAddress
#     to set the Java Heap base and to place the Java Heap above 32GB virtual address.
# This output file may be truncated or incomplete.
#
#  Out of Memory Error (arena.cpp:189), pid=4664, tid=1632
#
# JRE version: Java(TM) SE Runtime Environment (17.0.8+9) (build 17.0.8+9-LTS-211)
# Java VM: Java HotSpot(TM) 64-Bit Server VM (17.0.8+9-LTS-211, mixed mode, sharing, tiered, compressed oops, compressed class ptrs, g1 gc, windows-amd64)
# No core dump will be written. Minidumps are not enabled by default on client versions of Windows
#

---------------  S U M M A R Y ------------

Command Line: com.Api.MaterialEstocado.MaterialEstocadoApplication

Host: 11th Gen Intel(R) Core(TM) i7-11390H @ 3.40GHz, 8 cores, 15G,  Windows 11 , 64 bit Build 26100 (10.0.26100.8521)
Time: Thu Jun 25 20:24:31 2026 Hora oficial do Brasil elapsed time: 2.589649 seconds (0d 0h 0m 2s)

---------------  T H R E A D  ---------------

Current thread (0x000002a4fc357a60):  JavaThread "C2 CompilerThread1" daemon [_thread_in_native, id=1632, stack(0x000000e996a00000,0x000000e996b00000)]


Current CompileTask:
C2:   2589 2104   !   4       jdk.internal.loader.BuiltinClassLoader::loadClassOrNull (143 bytes)

Stack: [0x000000e996a00000,0x000000e996b00000]
Native frames: (J=compiled Java code, j=interpreted, Vv=VM code, C=native code)
V  [jvm.dll+0x677d0a]
V  [jvm.dll+0x7d8c54]
V  [jvm.dll+0x7da3fe]
V  [jvm.dll+0x7daa63]
V  [jvm.dll+0x245c5f]
V  [jvm.dll+0xaaa6b]
V  [jvm.dll+0xab00c]
V  [jvm.dll+0x2ab5cf]
V  [jvm.dll+0x580435]
V  [jvm.dll+0x220b22]
V  [jvm.dll+0x220eff]
V  [jvm.dll+0x219e56]
V  [jvm.dll+0x217329]
V  [jvm.dll+0x1a3af0]
V  [jvm.dll+0x2270be]
V  [jvm.dll+0x22535b]
V  [jvm.dll+0x78e7bc]
V  [jvm.dll+0x788bba]
V  [jvm.dll+0x676b35]
C  [ucrtbase.dll+0x2cd30]
C  [KERNEL32.DLL+0x2e957]
C  [ntdll.dll+0x87c1c]


---------------  P R O C E S S  ---------------

Threads class SMR info:
_java_thread_list=0x000002a4fe8b7ed0, length=15, elements={
0x000002a4943d2880, 0x000002a4b6fcc9e0, 0x000002a4b6fcd590, 0x000002a4fc133980,
0x000002a4fc134330, 0x000002a4fc136cf0, 0x000002a4fc137cb0, 0x000002a4fc138a40,
0x000002a4fc1394e0, 0x000002a4fc15ac40, 0x000002a4fc2b7d60, 0x000002a4fc2bc2b0,
0x000002a4fc357a60, 0x000002a4fcaeba80, 0x000002a4fd1a6e60
}

Java Threads: ( => current thread )
  0x000002a4943d2880 JavaThread "main" [_thread_in_vm, id=15368, stack(0x000000e995700000,0x000000e995800000)]
  0x000002a4b6fcc9e0 JavaThread "Reference Handler" daemon [_thread_blocked, id=29028, stack(0x000000e995e00000,0x000000e995f00000)]
  0x000002a4b6fcd590 JavaThread "Finalizer" daemon [_thread_blocked, id=2196, stack(0x000000e995f00000,0x000000e996000000)]
  0x000002a4fc133980 JavaThread "Signal Dispatcher" daemon [_thread_blocked, id=22844, stack(0x000000e996000000,0x000000e996100000)]
  0x000002a4fc134330 JavaThread "Attach Listener" daemon [_thread_blocked, id=3736, stack(0x000000e996100000,0x000000e996200000)]
  0x000002a4fc136cf0 JavaThread "Service Thread" daemon [_thread_blocked, id=17872, stack(0x000000e996200000,0x000000e996300000)]
  0x000002a4fc137cb0 JavaThread "Monitor Deflation Thread" daemon [_thread_blocked, id=31956, stack(0x000000e996300000,0x000000e996400000)]
  0x000002a4fc138a40 JavaThread "C2 CompilerThread0" daemon [_thread_in_native, id=8020, stack(0x000000e996400000,0x000000e996500000)]
  0x000002a4fc1394e0 JavaThread "C1 CompilerThread0" daemon [_thread_blocked, id=36964, stack(0x000000e996500000,0x000000e996600000)]
  0x000002a4fc15ac40 JavaThread "Sweeper thread" daemon [_thread_blocked, id=38348, stack(0x000000e996600000,0x000000e996700000)]
  0x000002a4fc2b7d60 JavaThread "Notification Thread" daemon [_thread_blocked, id=34972, stack(0x000000e996700000,0x000000e996800000)]
  0x000002a4fc2bc2b0 JavaThread "Common-Cleaner" daemon [_thread_blocked, id=2012, stack(0x000000e996900000,0x000000e996a00000)]
=>0x000002a4fc357a60 JavaThread "C2 CompilerThread1" daemon [_thread_in_native, id=1632, stack(0x000000e996a00000,0x000000e996b00000)]
  0x000002a4fcaeba80 JavaThread "C2 CompilerThread2" daemon [_thread_in_native, id=17116, stack(0x000000e996b00000,0x000000e996c00000)]
  0x000002a4fd1a6e60 JavaThread "background-preinit" [_thread_in_vm, id=30792, stack(0x000000e997100000,0x000000e997200000)]

Other Threads:
  0x000002a4b6fc7f40 VMThread "VM Thread" [stack: 0x000000e995d00000,0x000000e995e00000] [id=4316]
  0x000002a4fc2b8640 WatcherThread [stack: 0x000000e996800000,0x000000e996900000] [id=15884]
  0x000002a49443d7a0 GCTaskThread "GC Thread#0" [stack: 0x000000e995800000,0x000000e995900000] [id=23452]
  0x000002a4fc8ff8b0 GCTaskThread "GC Thread#1" [stack: 0x000000e996c00000,0x000000e996d00000] [id=19568]
  0x000002a4fd08be50 GCTaskThread "GC Thread#2" [stack: 0x000000e996d00000,0x000000e996e00000] [id=31312]
  0x000002a4fd08c100 GCTaskThread "GC Thread#3" [stack: 0x000000e996e00000,0x000000e996f00000] [id=18048]
  0x000002a4fd08c3b0 GCTaskThread "GC Thread#4" [stack: 0x000000e996f00000,0x000000e997000000] [id=29252]
  0x000002a4fd09ac00 GCTaskThread "GC Thread#5" [stack: 0x000000e997000000,0x000000e997100000] [id=12008]
  0x000002a4fd17b970 GCTaskThread "GC Thread#6" [stack: 0x000000e997200000,0x000000e997300000] [id=16508]
  0x000002a4fd5bd0a0 GCTaskThread "GC Thread#7" [stack: 0x000000e997300000,0x000000e997400000] [id=36472]
  0x000002a49444efb0 ConcurrentGCThread "G1 Main Marker" [stack: 0x000000e995900000,0x000000e995a00000] [id=25384]
  0x000002a49444f9c0 ConcurrentGCThread "G1 Conc#0" [stack: 0x000000e995a00000,0x000000e995b00000] [id=37792]
  0x000002a49448eaf0 ConcurrentGCThread "G1 Refine#0" [stack: 0x000000e995b00000,0x000000e995c00000] [id=31464]
  0x000002a4b6e846e0 ConcurrentGCThread "G1 Service" [stack: 0x000000e995c00000,0x000000e995d00000] [id=6736]

Threads with active compile tasks:
C2 CompilerThread0     2635 2230       4       jdk.internal.org.objectweb.asm.SymbolTable::addConstantUtf8Reference (101 bytes)
C2 CompilerThread1     2635 2104   !   4       jdk.internal.loader.BuiltinClassLoader::loadClassOrNull (143 bytes)
C2 CompilerThread2     2635 2215       4       jdk.internal.jimage.ImageLocation::verify (218 bytes)

VM state: not at safepoint (normal execution)

VM Mutex/Monitor currently owned by a thread: None

Heap address: 0x0000000704000000, size: 4032 MB, Compressed Oops mode: Zero based, Oop shift amount: 3

CDS archive(s) mapped at: [0x000002a4b7000000-0x000002a4b7bd0000-0x000002a4b7bd0000), size 12386304, SharedBaseAddress: 0x000002a4b7000000, ArchiveRelocationMode: 1.
Compressed class space mapped at: 0x000002a4b8000000-0x000002a4f8000000, reserved size: 1073741824
Narrow klass base: 0x000002a4b7000000, Narrow klass shift: 0, Narrow klass range: 0x100000000

GC Precious Log:
 CPUs: 8 total, 8 available
 Memory: 16122M
 Large Page Support: Disabled
 NUMA Support: Disabled
 Compressed Oops: Enabled (Zero based)
 Heap Region Size: 2M
 Heap Min Capacity: 8M
 Heap Initial Capacity: 252M
 Heap Max Capacity: 4032M
 Pre-touch: Disabled
 Parallel Workers: 8
 Concurrent Workers: 2
 Concurrent Refinement Workers: 8
 Periodic GC: Disabled

Heap:
 garbage-first heap   total 258048K, used 45864K [0x0000000704000000, 0x0000000800000000)
  region size 2048K, 20 young (40960K), 1 survivors (2048K)
 Metaspace       used 18733K, committed 18944K, reserved 1114112K
  class space    used 2404K, committed 2496K, reserved 1048576K

Heap Regions: E=young(eden), S=young(survivor), O=old, HS=humongous(starts), HC=humongous(continues), CS=collection set, F=free, OA=open archive, CA=closed archive, TAMS=top-at-mark-start (previous, next)
|   0|0x0000000704000000, 0x0000000704200000, 0x0000000704200000|100%| O|  |TAMS 0x0000000704000000, 0x0000000704000000| Untracked 
|   1|0x0000000704200000, 0x0000000704400000, 0x0000000704400000|100%| O|  |TAMS 0x0000000704200000, 0x0000000704200000| Untracked 
|   2|0x0000000704400000, 0x0000000704600000, 0x0000000704600000|100%| O|  |TAMS 0x0000000704400000, 0x0000000704400000| Untracked 
|   3|0x0000000704600000, 0x000000070471c400, 0x0000000704800000| 55%| O|  |TAMS 0x0000000704600000, 0x0000000704600000| Untracked 
|   4|0x0000000704800000, 0x0000000704800000, 0x0000000704a00000|  0%| F|  |TAMS 0x0000000704800000, 0x0000000704800000| Untracked 
|   5|0x0000000704a00000, 0x0000000704a00000, 0x0000000704c00000|  0%| F|  |TAMS 0x0000000704a00000, 0x0000000704a00000| Untracked 
|   6|0x0000000704c00000, 0x0000000704c00000, 0x0000000704e00000|  0%| F|  |TAMS 0x0000000704c00000, 0x0000000704c00000| Untracked 
|   7|0x0000000704e00000, 0x0000000704e00000, 0x0000000705000000|  0%| F|  |TAMS 0x0000000704e00000, 0x0000000704e00000| Untracked 
|   8|0x0000000705000000, 0x0000000705000000, 0x0000000705200000|  0%| F|  |TAMS 0x0000000705000000, 0x0000000705000000| Untracked 
|   9|0x0000000705200000, 0x0000000705200000, 0x0000000705400000|  0%| F|  |TAMS 0x0000000705200000, 0x0000000705200000| Untracked 
|  10|0x0000000705400000, 0x0000000705400000, 0x0000000705600000|  0%| F|  |TAMS 0x0000000705400000, 0x0000000705400000| Untracked 
|  11|0x0000000705600000, 0x0000000705600000, 0x0000000705800000|  0%| F|  |TAMS 0x0000000705600000, 0x0000000705600000| Untracked 
|  12|0x0000000705800000, 0x0000000705800000, 0x0000000705a00000|  0%| F|  |TAMS 0x0000000705800000, 0x0000000705800000| Untracked 
|  13|0x0000000705a00000, 0x0000000705a00000, 0x0000000705c00000|  0%| F|  |TAMS 0x0000000705a00000, 0x0000000705a00000| Untracked 
|  14|0x0000000705c00000, 0x0000000705c00000, 0x0000000705e00000|  0%| F|  |TAMS 0x0000000705c00000, 0x0000000705c00000| Untracked 
|  15|0x0000000705e00000, 0x0000000705e00000, 0x0000000706000000|  0%| F|  |TAMS 0x0000000705e00000, 0x0000000705e00000| Untracked 
|  16|0x0000000706000000, 0x0000000706000000, 0x0000000706200000|  0%| F|  |TAMS 0x0000000706000000, 0x0000000706000000| Untracked 
|  17|0x0000000706200000, 0x0000000706200000, 0x0000000706400000|  0%| F|  |TAMS 0x0000000706200000, 0x0000000706200000| Untracked 
|  18|0x0000000706400000, 0x0000000706400000, 0x0000000706600000|  0%| F|  |TAMS 0x0000000706400000, 0x0000000706400000| Untracked 
|  19|0x0000000706600000, 0x0000000706600000, 0x0000000706800000|  0%| F|  |TAMS 0x0000000706600000, 0x0000000706600000| Untracked 
|  20|0x0000000706800000, 0x0000000706800000, 0x0000000706a00000|  0%| F|  |TAMS 0x0000000706800000, 0x0000000706800000| Untracked 
|  21|0x0000000706a00000, 0x0000000706a00000, 0x0000000706c00000|  0%| F|  |TAMS 0x0000000706a00000, 0x0000000706a00000| Untracked 
|  22|0x0000000706c00000, 0x0000000706c00000, 0x0000000706e00000|  0%| F|  |TAMS 0x0000000706c00000, 0x0000000706c00000| Untracked 
|  23|0x0000000706e00000, 0x0000000706e00000, 0x0000000707000000|  0%| F|  |TAMS 0x0000000706e00000, 0x0000000706e00000| Untracked 
|  24|0x0000000707000000, 0x0000000707000000, 0x0000000707200000|  0%| F|  |TAMS 0x0000000707000000, 0x0000000707000000| Untracked 
|  25|0x0000000707200000, 0x0000000707200000, 0x0000000707400000|  0%| F|  |TAMS 0x0000000707200000, 0x0000000707200000| Untracked 
|  26|0x0000000707400000, 0x0000000707400000, 0x0000000707600000|  0%| F|  |TAMS 0x0000000707400000, 0x0000000707400000| Untracked 
|  27|0x0000000707600000, 0x0000000707600000, 0x0000000707800000|  0%| F|  |TAMS 0x0000000707600000, 0x0000000707600000| Untracked 
|  28|0x0000000707800000, 0x0000000707800000, 0x0000000707a00000|  0%| F|  |TAMS 0x0000000707800000, 0x0000000707800000| Untracked 
|  29|0x0000000707a00000, 0x0000000707a00000, 0x0000000707c00000|  0%| F|  |TAMS 0x0000000707a00000, 0x0000000707a00000| Untracked 
|  30|0x0000000707c00000, 0x0000000707c00000, 0x0000000707e00000|  0%| F|  |TAMS 0x0000000707c00000, 0x0000000707c00000| Untracked 
|  31|0x0000000707e00000, 0x0000000707e00000, 0x0000000708000000|  0%| F|  |TAMS 0x0000000707e00000, 0x0000000707e00000| Untracked 
|  32|0x0000000708000000, 0x0000000708000000, 0x0000000708200000|  0%| F|  |TAMS 0x0000000708000000, 0x0000000708000000| Untracked 
|  33|0x0000000708200000, 0x0000000708200000, 0x0000000708400000|  0%| F|  |TAMS 0x0000000708200000, 0x0000000708200000| Untracked 
|  34|0x0000000708400000, 0x0000000708400000, 0x0000000708600000|  0%| F|  |TAMS 0x0000000708400000, 0x0000000708400000| Untracked 
|  35|0x0000000708600000, 0x0000000708600000, 0x0000000708800000|  0%| F|  |TAMS 0x0000000708600000, 0x0000000708600000| Untracked 
|  36|0x0000000708800000, 0x0000000708800000, 0x0000000708a00000|  0%| F|  |TAMS 0x0000000708800000, 0x0000000708800000| Untracked 
|  37|0x0000000708a00000, 0x0000000708a00000, 0x0000000708c00000|  0%| F|  |TAMS 0x0000000708a00000, 0x0000000708a00000| Untracked 
|  38|0x0000000708c00000, 0x0000000708c00000, 0x0000000708e00000|  0%| F|  |TAMS 0x0000000708c00000, 0x0000000708c00000| Untracked 
|  39|0x0000000708e00000, 0x0000000708e00000, 0x0000000709000000|  0%| F|  |TAMS 0x0000000708e00000, 0x0000000708e00000| Untracked 
|  40|0x0000000709000000, 0x0000000709000000, 0x0000000709200000|  0%| F|  |TAMS 0x0000000709000000, 0x0000000709000000| Untracked 
|  41|0x0000000709200000, 0x0000000709200000, 0x0000000709400000|  0%| F|  |TAMS 0x0000000709200000, 0x0000000709200000| Untracked 
|  42|0x0000000709400000, 0x0000000709400000, 0x0000000709600000|  0%| F|  |TAMS 0x0000000709400000, 0x0000000709400000| Untracked 
|  43|0x0000000709600000, 0x0000000709600000, 0x0000000709800000|  0%| F|  |TAMS 0x0000000709600000, 0x0000000709600000| Untracked 
|  44|0x0000000709800000, 0x0000000709800000, 0x0000000709a00000|  0%| F|  |TAMS 0x0000000709800000, 0x0000000709800000| Untracked 
|  45|0x0000000709a00000, 0x0000000709a00000, 0x0000000709c00000|  0%| F|  |TAMS 0x0000000709a00000, 0x0000000709a00000| Untracked 
|  46|0x0000000709c00000, 0x0000000709c00000, 0x0000000709e00000|  0%| F|  |TAMS 0x0000000709c00000, 0x0000000709c00000| Untracked 
|  47|0x0000000709e00000, 0x0000000709e00000, 0x000000070a000000|  0%| F|  |TAMS 0x0000000709e00000, 0x0000000709e00000| Untracked 
|  48|0x000000070a000000, 0x000000070a000000, 0x000000070a200000|  0%| F|  |TAMS 0x000000070a000000, 0x000000070a000000| Untracked 
|  49|0x000000070a200000, 0x000000070a200000, 0x000000070a400000|  0%| F|  |TAMS 0x000000070a200000, 0x000000070a200000| Untracked 
|  50|0x000000070a400000, 0x000000070a400000, 0x000000070a600000|  0%| F|  |TAMS 0x000000070a400000, 0x000000070a400000| Untracked 
|  51|0x000000070a600000, 0x000000070a600000, 0x000000070a800000|  0%| F|  |TAMS 0x000000070a600000, 0x000000070a600000| Untracked 
|  52|0x000000070a800000, 0x000000070a800000, 0x000000070aa00000|  0%| F|  |TAMS 0x000000070a800000, 0x000000070a800000| Untracked 
|  53|0x000000070aa00000, 0x000000070aa00000, 0x000000070ac00000|  0%| F|  |TAMS 0x000000070aa00000, 0x000000070aa00000| Untracked 
|  54|0x000000070ac00000, 0x000000070ac00000, 0x000000070ae00000|  0%| F|  |TAMS 0x000000070ac00000, 0x000000070ac00000| Untracked 
|  55|0x000000070ae00000, 0x000000070ae00000, 0x000000070b000000|  0%| F|  |TAMS 0x000000070ae00000, 0x000000070ae00000| Untracked 
|  56|0x000000070b000000, 0x000000070b000000, 0x000000070b200000|  0%| F|  |TAMS 0x000000070b000000, 0x000000070b000000| Untracked 
|  57|0x000000070b200000, 0x000000070b200000, 0x000000070b400000|  0%| F|  |TAMS 0x000000070b200000, 0x000000070b200000| Untracked 
|  58|0x000000070b400000, 0x000000070b400000, 0x000000070b600000|  0%| F|  |TAMS 0x000000070b400000, 0x000000070b400000| Untracked 
|  59|0x000000070b600000, 0x000000070b600000, 0x000000070b800000|  0%| F|  |TAMS 0x000000070b600000, 0x000000070b600000| Untracked 
|  60|0x000000070b800000, 0x000000070b800000, 0x000000070ba00000|  0%| F|  |TAMS 0x000000070b800000, 0x000000070b800000| Untracked 
|  61|0x000000070ba00000, 0x000000070ba00000, 0x000000070bc00000|  0%| F|  |TAMS 0x000000070ba00000, 0x000000070ba00000| Untracked 
|  62|0x000000070bc00000, 0x000000070bc00000, 0x000000070be00000|  0%| F|  |TAMS 0x000000070bc00000, 0x000000070bc00000| Untracked 
|  63|0x000000070be00000, 0x000000070be00000, 0x000000070c000000|  0%| F|  |TAMS 0x000000070be00000, 0x000000070be00000| Untracked 
|  64|0x000000070c000000, 0x000000070c000000, 0x000000070c200000|  0%| F|  |TAMS 0x000000070c000000, 0x000000070c000000| Untracked 
|  65|0x000000070c200000, 0x000000070c200000, 0x000000070c400000|  0%| F|  |TAMS 0x000000070c200000, 0x000000070c200000| Untracked 
|  66|0x000000070c400000, 0x000000070c400000, 0x000000070c600000|  0%| F|  |TAMS 0x000000070c400000, 0x000000070c400000| Untracked 
|  67|0x000000070c600000, 0x000000070c600000, 0x000000070c800000|  0%| F|  |TAMS 0x000000070c600000, 0x000000070c600000| Untracked 
|  68|0x000000070c800000, 0x000000070c800000, 0x000000070ca00000|  0%| F|  |TAMS 0x000000070c800000, 0x000000070c800000| Untracked 
|  69|0x000000070ca00000, 0x000000070ca00000, 0x000000070cc00000|  0%| F|  |TAMS 0x000000070ca00000, 0x000000070ca00000| Untracked 
|  70|0x000000070cc00000, 0x000000070cc00000, 0x000000070ce00000|  0%| F|  |TAMS 0x000000070cc00000, 0x000000070cc00000| Untracked 
|  71|0x000000070ce00000, 0x000000070ce00000, 0x000000070d000000|  0%| F|  |TAMS 0x000000070ce00000, 0x000000070ce00000| Untracked 
|  72|0x000000070d000000, 0x000000070d000000, 0x000000070d200000|  0%| F|  |TAMS 0x000000070d000000, 0x000000070d000000| Untracked 
|  73|0x000000070d200000, 0x000000070d200000, 0x000000070d400000|  0%| F|  |TAMS 0x000000070d200000, 0x000000070d200000| Untracked 
|  74|0x000000070d400000, 0x000000070d400000, 0x000000070d600000|  0%| F|  |TAMS 0x000000070d400000, 0x000000070d400000| Untracked 
|  75|0x000000070d600000, 0x000000070d600000, 0x000000070d800000|  0%| F|  |TAMS 0x000000070d600000, 0x000000070d600000| Untracked 
|  76|0x000000070d800000, 0x000000070d800000, 0x000000070da00000|  0%| F|  |TAMS 0x000000070d800000, 0x000000070d800000| Untracked 
|  77|0x000000070da00000, 0x000000070da00000, 0x000000070dc00000|  0%| F|  |TAMS 0x000000070da00000, 0x000000070da00000| Untracked 
|  78|0x000000070dc00000, 0x000000070dc00000, 0x000000070de00000|  0%| F|  |TAMS 0x000000070dc00000, 0x000000070dc00000| Untracked 
|  79|0x000000070de00000, 0x000000070de00000, 0x000000070e000000|  0%| F|  |TAMS 0x000000070de00000, 0x000000070de00000| Untracked 
|  80|0x000000070e000000, 0x000000070e000000, 0x000000070e200000|  0%| F|  |TAMS 0x000000070e000000, 0x000000070e000000| Untracked 
|  81|0x000000070e200000, 0x000000070e200000, 0x000000070e400000|  0%| F|  |TAMS 0x000000070e200000, 0x000000070e200000| Untracked 
|  82|0x000000070e400000, 0x000000070e400000, 0x000000070e600000|  0%| F|  |TAMS 0x000000070e400000, 0x000000070e400000| Untracked 
|  83|0x000000070e600000, 0x000000070e600000, 0x000000070e800000|  0%| F|  |TAMS 0x000000070e600000, 0x000000070e600000| Untracked 
|  84|0x000000070e800000, 0x000000070e800000, 0x000000070ea00000|  0%| F|  |TAMS 0x000000070e800000, 0x000000070e800000| Untracked 
|  85|0x000000070ea00000, 0x000000070ea00000, 0x000000070ec00000|  0%| F|  |TAMS 0x000000070ea00000, 0x000000070ea00000| Untracked 
|  86|0x000000070ec00000, 0x000000070ec00000, 0x000000070ee00000|  0%| F|  |TAMS 0x000000070ec00000, 0x000000070ec00000| Untracked 
|  87|0x000000070ee00000, 0x000000070ee00000, 0x000000070f000000|  0%| F|  |TAMS 0x000000070ee00000, 0x000000070ee00000| Untracked 
|  88|0x000000070f000000, 0x000000070f000000, 0x000000070f200000|  0%| F|  |TAMS 0x000000070f000000, 0x000000070f000000| Untracked 
|  89|0x000000070f200000, 0x000000070f200000, 0x000000070f400000|  0%| F|  |TAMS 0x000000070f200000, 0x000000070f200000| Untracked 
|  90|0x000000070f400000, 0x000000070f400000, 0x000000070f600000|  0%| F|  |TAMS 0x000000070f400000, 0x000000070f400000| Untracked 
|  91|0x000000070f600000, 0x000000070f600000, 0x000000070f800000|  0%| F|  |TAMS 0x000000070f600000, 0x000000070f600000| Untracked 
|  92|0x000000070f800000, 0x000000070f800000, 0x000000070fa00000|  0%| F|  |TAMS 0x000000070f800000, 0x000000070f800000| Untracked 
|  93|0x000000070fa00000, 0x000000070fa00000, 0x000000070fc00000|  0%| F|  |TAMS 0x000000070fa00000, 0x000000070fa00000| Untracked 
|  94|0x000000070fc00000, 0x000000070fc00000, 0x000000070fe00000|  0%| F|  |TAMS 0x000000070fc00000, 0x000000070fc00000| Untracked 
|  95|0x000000070fe00000, 0x000000070fe00000, 0x0000000710000000|  0%| F|  |TAMS 0x000000070fe00000, 0x000000070fe00000| Untracked 
|  96|0x0000000710000000, 0x0000000710000000, 0x0000000710200000|  0%| F|  |TAMS 0x0000000710000000, 0x0000000710000000| Untracked 
|  97|0x0000000710200000, 0x0000000710200000, 0x0000000710400000|  0%| F|  |TAMS 0x0000000710200000, 0x0000000710200000| Untracked 
|  98|0x0000000710400000, 0x0000000710400000, 0x0000000710600000|  0%| F|  |TAMS 0x0000000710400000, 0x0000000710400000| Untracked 
|  99|0x0000000710600000, 0x0000000710600000, 0x0000000710800000|  0%| F|  |TAMS 0x0000000710600000, 0x0000000710600000| Untracked 
| 100|0x0000000710800000, 0x0000000710800000, 0x0000000710a00000|  0%| F|  |TAMS 0x0000000710800000, 0x0000000710800000| Untracked 
| 101|0x0000000710a00000, 0x0000000710a00000, 0x0000000710c00000|  0%| F|  |TAMS 0x0000000710a00000, 0x0000000710a00000| Untracked 
| 102|0x0000000710c00000, 0x0000000710c00000, 0x0000000710e00000|  0%| F|  |TAMS 0x0000000710c00000, 0x0000000710c00000| Untracked 
| 103|0x0000000710e00000, 0x0000000710e00000, 0x0000000711000000|  0%| F|  |TAMS 0x0000000710e00000, 0x0000000710e00000| Untracked 
| 104|0x0000000711000000, 0x0000000711000000, 0x0000000711200000|  0%| F|  |TAMS 0x0000000711000000, 0x0000000711000000| Untracked 
| 105|0x0000000711200000, 0x0000000711200000, 0x0000000711400000|  0%| F|  |TAMS 0x0000000711200000, 0x0000000711200000| Untracked 
| 106|0x0000000711400000, 0x00000007114628e8, 0x0000000711600000| 19%| E|  |TAMS 0x0000000711400000, 0x0000000711400000| Complete 
| 107|0x0000000711600000, 0x0000000711800000, 0x0000000711800000|100%| E|CS|TAMS 0x0000000711600000, 0x0000000711600000| Complete 
| 108|0x0000000711800000, 0x0000000711a00000, 0x0000000711a00000|100%| E|CS|TAMS 0x0000000711800000, 0x0000000711800000| Complete 
| 109|0x0000000711a00000, 0x0000000711c00000, 0x0000000711c00000|100%| E|CS|TAMS 0x0000000711a00000, 0x0000000711a00000| Complete 
| 110|0x0000000711c00000, 0x0000000711e00000, 0x0000000711e00000|100%| E|CS|TAMS 0x0000000711c00000, 0x0000000711c00000| Complete 
| 111|0x0000000711e00000, 0x0000000712000000, 0x0000000712000000|100%| E|CS|TAMS 0x0000000711e00000, 0x0000000711e00000| Complete 
| 112|0x0000000712000000, 0x00000007121adca0, 0x0000000712200000| 83%| S|CS|TAMS 0x0000000712000000, 0x0000000712000000| Complete 
| 113|0x0000000712200000, 0x0000000712400000, 0x0000000712400000|100%| E|CS|TAMS 0x0000000712200000, 0x0000000712200000| Complete 
| 114|0x0000000712400000, 0x0000000712600000, 0x0000000712600000|100%| E|CS|TAMS 0x0000000712400000, 0x0000000712400000| Complete 
| 115|0x0000000712600000, 0x0000000712800000, 0x0000000712800000|100%| E|CS|TAMS 0x0000000712600000, 0x0000000712600000| Complete 
| 116|0x0000000712800000, 0x0000000712a00000, 0x0000000712a00000|100%| E|CS|TAMS 0x0000000712800000, 0x0000000712800000| Complete 
| 117|0x0000000712a00000, 0x0000000712c00000, 0x0000000712c00000|100%| E|CS|TAMS 0x0000000712a00000, 0x0000000712a00000| Complete 
| 118|0x0000000712c00000, 0x0000000712e00000, 0x0000000712e00000|100%| E|CS|TAMS 0x0000000712c00000, 0x0000000712c00000| Complete 
| 119|0x0000000712e00000, 0x0000000713000000, 0x0000000713000000|100%| E|CS|TAMS 0x0000000712e00000, 0x0000000712e00000| Complete 
| 120|0x0000000713000000, 0x0000000713200000, 0x0000000713200000|100%| E|CS|TAMS 0x0000000713000000, 0x0000000713000000| Complete 
| 121|0x0000000713200000, 0x0000000713400000, 0x0000000713400000|100%| E|CS|TAMS 0x0000000713200000, 0x0000000713200000| Complete 
| 122|0x0000000713400000, 0x0000000713600000, 0x0000000713600000|100%| E|CS|TAMS 0x0000000713400000, 0x0000000713400000| Complete 
| 123|0x0000000713600000, 0x0000000713800000, 0x0000000713800000|100%| E|CS|TAMS 0x0000000713600000, 0x0000000713600000| Complete 
| 124|0x0000000713800000, 0x0000000713a00000, 0x0000000713a00000|100%| E|CS|TAMS 0x0000000713800000, 0x0000000713800000| Complete 
| 125|0x0000000713a00000, 0x0000000713c00000, 0x0000000713c00000|100%| E|CS|TAMS 0x0000000713a00000, 0x0000000713a00000| Complete 

Card table byte_map: [0x000002a4ab790000,0x000002a4abf70000] _byte_map_base: 0x000002a4a7f70000

Marking Bits (Prev, Next): (CMBitMap*) 0x000002a49443ddb0, (CMBitMap*) 0x000002a49443ddf0
 Prev Bits: [0x000002a4ac750000, 0x000002a4b0650000)
 Next Bits: [0x000002a4b0650000, 0x000002a4b4550000)

Polling page: 0x000002a492370000

Metaspace:

Usage:
  Non-class:     15.98 MB used.
      Class:      2.36 MB used.
       Both:     18.34 MB used.

Virtual space:
  Non-class space:       64.00 MB reserved,      16.06 MB ( 25%) committed,  1 nodes.
      Class space:        1.00 GB reserved,       2.50 MB ( <1%) committed,  1 nodes.
             Both:        1.06 GB reserved,      18.56 MB (  2%) committed. 

Chunk freelists:
   Non-Class:  15.89 MB
       Class:  13.48 MB
        Both:  29.38 MB

MaxMetaspaceSize: unlimited
CompressedClassSpaceSize: 1.00 GB
Initial GC threshold: 21.00 MB
Current GC threshold: 21.00 MB
CDS: on
MetaspaceReclaimPolicy: balanced
 - commit_granule_bytes: 65536.
 - commit_granule_words: 8192.
 - virtual_space_node_default_size: 8388608.
 - enlarge_chunks_in_place: 1.
 - new_chunks_are_fully_committed: 0.
 - uncommit_free_chunks: 1.
 - use_allocation_guard: 0.
 - handle_deallocations: 1.


Internal statistics:

num_allocs_failed_limit: 0.
num_arena_births: 194.
num_arena_deaths: 0.
num_vsnodes_births: 2.
num_vsnodes_deaths: 0.
num_space_committed: 297.
num_space_uncommitted: 0.
num_chunks_returned_to_freelist: 0.
num_chunks_taken_from_freelist: 803.
num_chunk_merges: 0.
num_chunk_splits: 578.
num_chunks_enlarged: 477.
num_purges: 0.
num_inconsistent_stats: 0.

CodeHeap 'non-profiled nmethods': size=120000Kb used=978Kb max_used=978Kb free=119022Kb
 bounds [0x000002a4a3730000, 0x000002a4a39a0000, 0x000002a4aac60000]
CodeHeap 'profiled nmethods': size=120000Kb used=4281Kb max_used=4281Kb free=115718Kb
 bounds [0x000002a49bc60000, 0x000002a49c090000, 0x000002a4a3190000]
CodeHeap 'non-nmethods': size=5760Kb used=1206Kb max_used=1240Kb free=4553Kb
 bounds [0x000002a4a3190000, 0x000002a4a3400000, 0x000002a4a3730000]
 total_blobs=2754 nmethods=2255 adapters=411
 compilation: enabled
              stopped_count=0, restarted_count=0
 full_count=0

Compilation events (20 events):
Event: 1.786 Thread 0x000002a4fc1394e0 2235       3       java.lang.invoke.MethodHandles$Lookup::maybeBindCaller (72 bytes)
Event: 1.787 Thread 0x000002a4fc1394e0 nmethod 2235 0x000002a49c085310 code [0x000002a49c085540, 0x000002a49c085e08]
Event: 1.791 Thread 0x000002a4fc1394e0 2237       2       java.util.HashSet::add (20 bytes)
Event: 1.791 Thread 0x000002a4fc1394e0 nmethod 2237 0x000002a49c086110 code [0x000002a49c0862a0, 0x000002a49c0863e8]
Event: 1.791 Thread 0x000002a4fc1394e0 2238       3       org.springframework.core.io.DefaultResourceLoader::getClassLoader (18 bytes)
Event: 1.791 Thread 0x000002a4fc1394e0 nmethod 2238 0x000002a49c086490 code [0x000002a49c086640, 0x000002a49c0867c8]
Event: 1.792 Thread 0x000002a4fc1394e0 2239       3       org.slf4j.LoggerFactory::getILoggerFactory (9 bytes)
Event: 1.793 Thread 0x000002a4fc1394e0 nmethod 2239 0x000002a49c086890 code [0x000002a49c086a40, 0x000002a49c086c18]
Event: 1.793 Thread 0x000002a4fc1394e0 2240   !   3       org.slf4j.LoggerFactory::getProvider (102 bytes)
Event: 1.793 Thread 0x000002a4fc1394e0 nmethod 2240 0x000002a49c086d10 code [0x000002a49c086f20, 0x000002a49c087578]
Event: 1.795 Thread 0x000002a4fc1394e0 2241       1       org.springframework.core.type.AnnotatedTypeMetadata::lambda$getMergedRepeatableAnnotationAttributes$1 (2 bytes)
Event: 1.795 Thread 0x000002a4fc1394e0 nmethod 2241 0x000002a4a381bb90 code [0x000002a4a381bd20, 0x000002a4a381bdd8]
Event: 1.795 Thread 0x000002a4fc1394e0 2242       3       org.springframework.util.ObjectUtils::containsElement (45 bytes)
Event: 1.795 Thread 0x000002a4fc1394e0 nmethod 2242 0x000002a49c087790 code [0x000002a49c087940, 0x000002a49c087c28]
Event: 1.795 Thread 0x000002a4fc1394e0 2243       3       java.util.RegularEnumSet$EnumSetIterator::hasNext (15 bytes)
Event: 1.795 Thread 0x000002a4fc1394e0 nmethod 2243 0x000002a49c087d90 code [0x000002a49c087f20, 0x000002a49c088098]
Event: 1.796 Thread 0x000002a4fc1394e0 2244       3       org.slf4j.LoggerFactory::getLogger (12 bytes)
Event: 1.796 Thread 0x000002a4fc1394e0 nmethod 2244 0x000002a49c088110 code [0x000002a49c0882e0, 0x000002a49c0885e8]
Event: 1.796 Thread 0x000002a4fc1394e0 2245       3       ch.qos.logback.classic.LoggerContext::getLogger (6 bytes)
Event: 1.797 Thread 0x000002a4fc1394e0 nmethod 2245 0x000002a49c088710 code [0x000002a49c0888c0, 0x000002a49c088a08]

GC Heap History (4 events):
Event: 0.773 GC heap before
{Heap before GC invocations=0 (full 0):
 garbage-first heap   total 258048K, used 20480K [0x0000000704000000, 0x0000000800000000)
  region size 2048K, 11 young (22528K), 0 survivors (0K)
 Metaspace       used 5743K, committed 5952K, reserved 1114112K
  class space    used 682K, committed 768K, reserved 1048576K
}
Event: 0.777 GC heap after
{Heap after GC invocations=1 (full 0):
 garbage-first heap   total 258048K, used 6866K [0x0000000704000000, 0x0000000800000000)
  region size 2048K, 2 young (4096K), 2 survivors (4096K)
 Metaspace       used 5743K, committed 5952K, reserved 1114112K
  class space    used 682K, committed 768K, reserved 1048576K
}
Event: 1.187 GC heap before
{Heap before GC invocations=1 (full 0):
 garbage-first heap   total 258048K, used 29394K [0x0000000704000000, 0x0000000800000000)
  region size 2048K, 13 young (26624K), 2 survivors (4096K)
 Metaspace       used 11001K, committed 11264K, reserved 1114112K
  class space    used 1463K, committed 1600K, reserved 1048576K
}
Event: 1.192 GC heap after
{Heap after GC invocations=2 (full 0):
 garbage-first heap   total 258048K, used 9000K [0x0000000704000000, 0x0000000800000000)
  region size 2048K, 1 young (2048K), 1 survivors (2048K)
 Metaspace       used 11001K, committed 11264K, reserved 1114112K
  class space    used 1463K, committed 1600K, reserved 1048576K
}

Deoptimization events (20 events):
Event: 1.688 Thread 0x000002a4943d2880 DEOPT PACKING pc=0x000002a49bd7f1e6 sp=0x000000e9957fea00
Event: 1.688 Thread 0x000002a4943d2880 DEOPT UNPACKING pc=0x000002a4a31e66e3 sp=0x000000e9957fdec8 mode 0
Event: 1.688 Thread 0x000002a4943d2880 DEOPT PACKING pc=0x000002a49c0250e5 sp=0x000000e9957fe9d0
Event: 1.688 Thread 0x000002a4943d2880 DEOPT UNPACKING pc=0x000002a4a31e66e3 sp=0x000000e9957fdec0 mode 0
Event: 1.688 Thread 0x000002a4943d2880 DEOPT PACKING pc=0x000002a49bd7f1e6 sp=0x000000e9957fea00
Event: 1.688 Thread 0x000002a4943d2880 DEOPT UNPACKING pc=0x000002a4a31e66e3 sp=0x000000e9957fdec8 mode 0
Event: 1.688 Thread 0x000002a4943d2880 DEOPT PACKING pc=0x000002a49c0250e5 sp=0x000000e9957fe9d0
Event: 1.688 Thread 0x000002a4943d2880 DEOPT UNPACKING pc=0x000002a4a31e66e3 sp=0x000000e9957fdec0 mode 0
Event: 1.689 Thread 0x000002a4943d2880 DEOPT PACKING pc=0x000002a49c0250e5 sp=0x000000e9957fe9d0
Event: 1.689 Thread 0x000002a4943d2880 DEOPT UNPACKING pc=0x000002a4a31e66e3 sp=0x000000e9957fdec0 mode 0
Event: 1.689 Thread 0x000002a4943d2880 DEOPT PACKING pc=0x000002a49bd7f1e6 sp=0x000000e9957fea00
Event: 1.689 Thread 0x000002a4943d2880 DEOPT UNPACKING pc=0x000002a4a31e66e3 sp=0x000000e9957fdec8 mode 0
Event: 1.768 Thread 0x000002a4943d2880 Uncommon trap: trap_request=0xffffffc6 fr.pc=0x000002a4a3805518 relative=0x0000000000001a78
Event: 1.768 Thread 0x000002a4943d2880 Uncommon trap: reason=bimorphic_or_optimized_type_check action=maybe_recompile pc=0x000002a4a3805518 method=java.util.HashMap.putVal(ILjava/lang/Object;Ljava/lang/Object;ZZ)Ljava/lang/Object; @ 203 c2
Event: 1.768 Thread 0x000002a4943d2880 DEOPT PACKING pc=0x000002a4a3805518 sp=0x000000e9957fe8f0
Event: 1.768 Thread 0x000002a4943d2880 DEOPT UNPACKING pc=0x000002a4a31e5ba3 sp=0x000000e9957fe7a8 mode 2
Event: 1.787 Thread 0x000002a4943d2880 Uncommon trap: trap_request=0xffffffc6 fr.pc=0x000002a4a3805518 relative=0x0000000000001a78
Event: 1.787 Thread 0x000002a4943d2880 Uncommon trap: reason=bimorphic_or_optimized_type_check action=maybe_recompile pc=0x000002a4a3805518 method=java.util.HashMap.putVal(ILjava/lang/Object;Ljava/lang/Object;ZZ)Ljava/lang/Object; @ 203 c2
Event: 1.788 Thread 0x000002a4943d2880 DEOPT PACKING pc=0x000002a4a3805518 sp=0x000000e9957fe8f0
Event: 1.788 Thread 0x000002a4943d2880 DEOPT UNPACKING pc=0x000002a4a31e5ba3 sp=0x000000e9957fe7a8 mode 2

Classes unloaded (0 events):
No events

Classes redefined (0 events):
No events

Internal exceptions (20 events):
Event: 0.851 Thread 0x000002a4943d2880 Exception <a 'java/lang/NoSuchMethodError'{0x000000071394e480}: 'void java.lang.invoke.DirectMethodHandle$Holder.invokeSpecial(java.lang.Object, java.lang.Object, java.lang.Object, java.lang.Object, java.lang.Object)'> (0x000000071394e480) 
thrown [s\open\src\hotspot\share\interpreter\linkResolver.cpp, line 759]
Event: 0.873 Thread 0x000002a4943d2880 Exception <a 'java/lang/NoSuchMethodError'{0x0000000713634c88}: 'java.lang.Object java.lang.invoke.DirectMethodHandle$Holder.invokeSpecial(java.lang.Object, java.lang.Object, java.lang.Object, int, java.lang.Object)'> (0x0000000713634c88) 
thrown [s\open\src\hotspot\share\interpreter\linkResolver.cpp, line 759]
Event: 0.874 Thread 0x000002a4943d2880 Exception <a 'java/lang/NoSuchMethodError'{0x000000071363d2e8}: 'java.lang.Object java.lang.invoke.DirectMethodHandle$Holder.newInvokeSpecial(java.lang.Object, java.lang.Object, java.lang.Object, int, java.lang.Object)'> (0x000000071363d2e8) 
thrown [s\open\src\hotspot\share\interpreter\linkResolver.cpp, line 759]
Event: 0.874 Thread 0x000002a4943d2880 Exception <a 'java/lang/NoSuchMethodError'{0x0000000713644cb8}: 'java.lang.Object java.lang.invoke.Invokers$Holder.linkToTargetMethod(java.lang.Object, java.lang.Object, int, java.lang.Object, java.lang.Object)'> (0x0000000713644cb8) 
thrown [s\open\src\hotspot\share\interpreter\linkResolver.cpp, line 759]
Event: 0.876 Thread 0x000002a4943d2880 Exception <a 'java/lang/NoSuchMethodError'{0x0000000713653b50}: 'java.lang.Object java.lang.invoke.DirectMethodHandle$Holder.newInvokeSpecial(java.lang.Object, int, java.lang.Object)'> (0x0000000713653b50) 
thrown [s\open\src\hotspot\share\interpreter\linkResolver.cpp, line 759]
Event: 0.876 Thread 0x000002a4943d2880 Exception <a 'java/lang/NoSuchMethodError'{0x0000000713658830}: 'int java.lang.invoke.DirectMethodHandle$Holder.invokeSpecialIFC(java.lang.Object, java.lang.Object, java.lang.Object, java.lang.Object)'> (0x0000000713658830) 
thrown [s\open\src\hotspot\share\interpreter\linkResolver.cpp, line 759]
Event: 0.898 Thread 0x000002a4943d2880 Exception <a 'java/lang/NoSuchMethodError'{0x0000000713752160}: 'void java.lang.invoke.DirectMethodHandle$Holder.invokeInterface(java.lang.Object, java.lang.Object, java.lang.Object)'> (0x0000000713752160) 
thrown [s\open\src\hotspot\share\interpreter\linkResolver.cpp, line 759]
Event: 0.917 Thread 0x000002a4943d2880 Exception <a 'java/lang/NoSuchMethodError'{0x00000007137df230}: 'void java.lang.invoke.DirectMethodHandle$Holder.invokeStaticInit(java.lang.Object, java.lang.Object, java.lang.Object)'> (0x00000007137df230) 
thrown [s\open\src\hotspot\share\interpreter\linkResolver.cpp, line 759]
Event: 0.926 Thread 0x000002a4943d2880 Exception <a 'java/lang/NoSuchMethodError'{0x0000000713429410}: 'java.lang.Object java.lang.invoke.DirectMethodHandle$Holder.invokeVirtual(java.lang.Object, java.lang.Object, java.lang.Object)'> (0x0000000713429410) 
thrown [s\open\src\hotspot\share\interpreter\linkResolver.cpp, line 759]
Event: 0.930 Thread 0x000002a4943d2880 Exception <a 'java/lang/NoSuchMethodError'{0x000000071344ade8}: 'java.lang.Object java.lang.invoke.DirectMethodHandle$Holder.invokeStatic(java.lang.Object, java.lang.Object, long, java.lang.Object)'> (0x000000071344ade8) 
thrown [s\open\src\hotspot\share\interpreter\linkResolver.cpp, line 759]
Event: 0.930 Thread 0x000002a4943d2880 Exception <a 'java/lang/NoSuchMethodError'{0x000000071344e880}: 'java.lang.Object java.lang.invoke.DirectMethodHandle$Holder.invokeStaticInit(java.lang.Object, java.lang.Object, long, java.lang.Object)'> (0x000000071344e880) 
thrown [s\open\src\hotspot\share\interpreter\linkResolver.cpp, line 759]
Event: 0.931 Thread 0x000002a4943d2880 Exception <a 'java/lang/NoSuchMethodError'{0x0000000713455000}: 'java.lang.Object java.lang.invoke.DirectMethodHandle$Holder.newInvokeSpecial(java.lang.Object, java.lang.Object, long)'> (0x0000000713455000) 
thrown [s\open\src\hotspot\share\interpreter\linkResolver.cpp, line 759]
Event: 0.931 Thread 0x000002a4943d2880 Exception <a 'java/lang/NoSuchMethodError'{0x0000000713458b70}: 'java.lang.Object java.lang.invoke.Invokers$Holder.linkToTargetMethod(java.lang.Object, long, java.lang.Object)'> (0x0000000713458b70) 
thrown [s\open\src\hotspot\share\interpreter\linkResolver.cpp, line 759]
Event: 0.948 Thread 0x000002a4943d2880 Exception <a 'java/lang/NoSuchMethodError'{0x00000007134baf18}: 'void java.lang.invoke.DirectMethodHandle$Holder.invokeVirtual(java.lang.Object, java.lang.Object, java.lang.Object, java.lang.Object)'> (0x00000007134baf18) 
thrown [s\open\src\hotspot\share\interpreter\linkResolver.cpp, line 759]
Event: 0.988 Thread 0x000002a4943d2880 Exception <a 'java/lang/NoSuchMethodError'{0x0000000713229690}: 'void java.lang.invoke.DirectMethodHandle$Holder.invokeSpecial(java.lang.Object, java.lang.Object, java.lang.Object)'> (0x0000000713229690) 
thrown [s\open\src\hotspot\share\interpreter\linkResolver.cpp, line 759]
Event: 1.019 Thread 0x000002a4943d2880 Exception <a 'java/lang/IncompatibleClassChangeError'{0x000000071332dc08}: Found class java.lang.Object, but interface was expected> (0x000000071332dc08) 
thrown [s\open\src\hotspot\share\interpreter\linkResolver.cpp, line 826]
Event: 1.325 Thread 0x000002a4943d2880 Exception <a 'sun/nio/fs/WindowsException'{0x00000007134d2cf8}> (0x00000007134d2cf8) 
thrown [s\open\src\hotspot\share\prims\jni.cpp, line 516]
Event: 1.327 Thread 0x000002a4943d2880 Exception <a 'java/lang/NoSuchMethodError'{0x00000007134d46f0}: 'int java.lang.invoke.DirectMethodHandle$Holder.invokeSpecial(java.lang.Object, java.lang.Object, java.lang.Object, java.lang.Object, java.lang.Object)'> (0x00000007134d46f0) 
thrown [s\open\src\hotspot\share\interpreter\linkResolver.cpp, line 759]
Event: 1.331 Thread 0x000002a4943d2880 Exception <a 'java/lang/NoSuchMethodError'{0x00000007134dd678}: 'void java.lang.invoke.DirectMethodHandle$Holder.invokeVirtual(java.lang.Object, java.lang.Object)'> (0x00000007134dd678) 
thrown [s\open\src\hotspot\share\interpreter\linkResolver.cpp, line 759]
Event: 1.677 Thread 0x000002a4943d2880 Exception <a 'java/lang/IncompatibleClassChangeError'{0x0000000711eff020}: Found class java.lang.Object, but interface was expected> (0x0000000711eff020) 
thrown [s\open\src\hotspot\share\interpreter\linkResolver.cpp, line 826]

VM Operations (20 events):
Event: 0.663 Executing VM operation: HandshakeAllThreads done
Event: 0.772 Executing VM operation: G1CollectForAllocation
Event: 0.777 Executing VM operation: G1CollectForAllocation done
Event: 0.857 Executing VM operation: HandshakeAllThreads
Event: 0.857 Executing VM operation: HandshakeAllThreads done
Event: 0.985 Executing VM operation: HandshakeAllThreads
Event: 0.985 Executing VM operation: HandshakeAllThreads done
Event: 1.111 Executing VM operation: ICBufferFull
Event: 1.111 Executing VM operation: ICBufferFull done
Event: 1.187 Executing VM operation: G1CollectForAllocation
Event: 1.192 Executing VM operation: G1CollectForAllocation done
Event: 1.218 Executing VM operation: HandshakeAllThreads
Event: 1.218 Executing VM operation: HandshakeAllThreads done
Event: 1.285 Executing VM operation: HandshakeAllThreads
Event: 1.285 Executing VM operation: HandshakeAllThreads done
Event: 1.526 Executing VM operation: HandshakeAllThreads
Event: 1.526 Executing VM operation: HandshakeAllThreads done
Event: 1.565 Executing VM operation: HandshakeAllThreads
Event: 1.565 Executing VM operation: HandshakeAllThreads done
Event: 2.571 Executing VM operation: Cleanup

Events (20 events):
Event: 1.509 loading class java/util/concurrent/atomic/AtomicLongArray
Event: 1.509 loading class java/util/concurrent/atomic/AtomicLongArray done
Event: 1.509 loading class java/lang/invoke/VarHandleLongs$Array
Event: 1.510 loading class java/lang/invoke/VarHandleLongs$Array done
Event: 1.510 loading class java/util/concurrent/atomic/AtomicReferenceArray
Event: 1.510 loading class java/util/concurrent/atomic/AtomicReferenceArray done
Event: 1.525 loading class jdk/internal/module/ModulePatcher$PatchedModuleReader
Event: 1.526 loading class jdk/internal/module/ModulePatcher$PatchedModuleReader done
Event: 1.559 loading class sun/text/resources/cldr/FormatData_en
Event: 1.560 loading class sun/text/resources/cldr/FormatData_en done
Event: 1.560 loading class sun/text/resources/cldr/FormatData_en_US
Event: 1.560 loading class sun/text/resources/cldr/FormatData_en_US done
Event: 1.568 Thread 0x000002a4fc869c90 Thread added: 0x000002a4fc869c90
Event: 1.587 loading class java/io/CharArrayReader
Event: 1.588 loading class java/io/CharArrayReader done
Event: 1.591 loading class javax/naming/ldap/LdapContext
Event: 1.592 loading class javax/naming/directory/DirContext
Event: 1.592 loading class javax/naming/directory/DirContext done
Event: 1.592 loading class javax/naming/ldap/LdapContext done
Event: 1.613 Thread 0x000002a4fc869c90 Thread exited: 0x000002a4fc869c90


Dynamic libraries:
0x00007ff726060000 - 0x00007ff726070000 	C:\Program Files\Java\jdk-17\bin\java.exe
0x00007ff8ad920000 - 0x00007ff8adb86000 	C:\WINDOWS\SYSTEM32\ntdll.dll
0x00007ff8ad120000 - 0x00007ff8ad1e9000 	C:\WINDOWS\System32\KERNEL32.DLL
0x00007ff8ab290000 - 0x00007ff8ab68a000 	C:\WINDOWS\System32\KERNELBASE.dll
0x00007ff8aaf60000 - 0x00007ff8ab0ac000 	C:\WINDOWS\System32\ucrtbase.dll
0x00007ff88af40000 - 0x00007ff88af59000 	C:\Program Files\Java\jdk-17\bin\jli.dll
0x00007ff895670000 - 0x00007ff89568b000 	C:\Program Files\Java\jdk-17\bin\VCRUNTIME140.dll
0x00007ff8acfc0000 - 0x00007ff8ad076000 	C:\WINDOWS\System32\ADVAPI32.dll
0x00007ff8ac2f0000 - 0x00007ff8ac399000 	C:\WINDOWS\System32\msvcrt.dll
0x00007ff8acec0000 - 0x00007ff8acf6a000 	C:\WINDOWS\System32\sechost.dll
0x00007ff8ad1f0000 - 0x00007ff8ad308000 	C:\WINDOWS\System32\RPCRT4.dll
0x00007ff8abd70000 - 0x00007ff8abf37000 	C:\WINDOWS\System32\USER32.dll
0x00007ff8aae70000 - 0x00007ff8aae97000 	C:\WINDOWS\System32\win32u.dll
0x00007ff887f20000 - 0x00007ff8881b2000 	C:\WINDOWS\WinSxS\amd64_microsoft.windows.common-controls_6595b64144ccf1df_6.0.26100.8521_none_3e08b75ce33403b3\COMCTL32.dll
0x00007ff8ad6d0000 - 0x00007ff8ad6fb000 	C:\WINDOWS\System32\GDI32.dll
0x00007ff8ab0b0000 - 0x00007ff8ab1db000 	C:\WINDOWS\System32\gdi32full.dll
0x00007ff8ab1e0000 - 0x00007ff8ab283000 	C:\WINDOWS\System32\msvcp_win.dll
0x00007ff89ff90000 - 0x00007ff89ff9b000 	C:\WINDOWS\SYSTEM32\VERSION.dll
0x00007ff8acf70000 - 0x00007ff8acfa2000 	C:\WINDOWS\System32\IMM32.DLL
0x00007ff895660000 - 0x00007ff89566c000 	C:\Program Files\Java\jdk-17\bin\vcruntime140_1.dll
0x00007ff878640000 - 0x00007ff8786ce000 	C:\Program Files\Java\jdk-17\bin\msvcp140.dll
0x00007ff821780000 - 0x00007ff82235e000 	C:\Program Files\Java\jdk-17\bin\server\jvm.dll
0x00007ff8abf40000 - 0x00007ff8abf48000 	C:\WINDOWS\System32\PSAPI.DLL
0x00007ff8a75a0000 - 0x00007ff8a75d6000 	C:\WINDOWS\SYSTEM32\WINMM.dll
0x00007ff879740000 - 0x00007ff87974a000 	C:\WINDOWS\SYSTEM32\WSOCK32.dll
0x00007ff8ad640000 - 0x00007ff8ad6c0000 	C:\WINDOWS\System32\WS2_32.dll
0x00007ff8a9940000 - 0x00007ff8a995b000 	C:\WINDOWS\SYSTEM32\kernel.appcore.dll
0x00007ff8955e0000 - 0x00007ff8955ea000 	C:\Program Files\Java\jdk-17\bin\jimage.dll
0x00007ff8a81d0000 - 0x00007ff8a8412000 	C:\WINDOWS\SYSTEM32\DBGHELP.DLL
0x00007ff8ac3a0000 - 0x00007ff8ac723000 	C:\WINDOWS\System32\combase.dll
0x00007ff8ac1b0000 - 0x00007ff8ac289000 	C:\WINDOWS\System32\OLEAUT32.dll
0x00007ff8a7560000 - 0x00007ff8a759b000 	C:\WINDOWS\SYSTEM32\dbgcore.DLL
0x00007ff8aac40000 - 0x00007ff8aace8000 	C:\WINDOWS\System32\bcryptPrimitives.dll
0x00007ff888770000 - 0x00007ff888795000 	C:\Program Files\Java\jdk-17\bin\java.dll
0x00007ff869b60000 - 0x00007ff869c37000 	C:\Program Files\Java\jdk-17\bin\jsvml.dll
0x00007ff8ac730000 - 0x00007ff8aceb4000 	C:\WINDOWS\System32\SHELL32.dll
0x00007ff8a8750000 - 0x00007ff8a8fd0000 	C:\WINDOWS\SYSTEM32\windows.storage.dll
0x00007ff8ad3a0000 - 0x00007ff8ad496000 	C:\WINDOWS\System32\SHCORE.dll
0x00007ff8abcb0000 - 0x00007ff8abd17000 	C:\WINDOWS\System32\shlwapi.dll
0x00007ff8aaad0000 - 0x00007ff8aaaf9000 	C:\WINDOWS\SYSTEM32\profapi.dll
0x00007ff887d10000 - 0x00007ff887d29000 	C:\Program Files\Java\jdk-17\bin\net.dll
0x00007ff8a1f30000 - 0x00007ff8a2059000 	C:\WINDOWS\SYSTEM32\WINHTTP.dll
0x00007ff8a9eb0000 - 0x00007ff8a9f1c000 	C:\WINDOWS\system32\mswsock.dll
0x00007ff885690000 - 0x00007ff8856a6000 	C:\Program Files\Java\jdk-17\bin\nio.dll
0x00007ff884f80000 - 0x00007ff884f98000 	C:\Program Files\Java\jdk-17\bin\zip.dll

dbghelp: loaded successfully - version: 4.0.5 - missing functions: none
symbol engine: initialized successfully - sym options: 0x614 - pdb path: .;C:\Program Files\Java\jdk-17\bin;C:\WINDOWS\SYSTEM32;C:\WINDOWS\WinSxS\amd64_microsoft.windows.common-controls_6595b64144ccf1df_6.0.26100.8521_none_3e08b75ce33403b3;C:\Program Files\Java\jdk-17\bin\server

VM Arguments:
java_command: com.Api.MaterialEstocado.MaterialEstocadoApplication
java_class_path (initial): C:\Pedro Paulo\DEV\Estudos\Senac\Projetos Netbens\MaterialEmEstoque\target\classes;C:\Users\pedro\.m2\repository\org\springframework\boot\spring-boot-starter-data-jpa\3.3.5\spring-boot-starter-data-jpa-3.3.5.jar;C:\Users\pedro\.m2\repository\org\springframework\boot\spring-boot-starter-aop\3.3.5\spring-boot-starter-aop-3.3.5.jar;C:\Users\pedro\.m2\repository\org\aspectj\aspectjweaver\1.9.22.1\aspectjweaver-1.9.22.1.jar;C:\Users\pedro\.m2\repository\org\springframework\boot\spring-boot-starter-jdbc\3.3.5\spring-boot-starter-jdbc-3.3.5.jar;C:\Users\pedro\.m2\repository\com\zaxxer\HikariCP\5.1.0\HikariCP-5.1.0.jar;C:\Users\pedro\.m2\repository\org\springframework\spring-jdbc\6.1.14\spring-jdbc-6.1.14.jar;C:\Users\pedro\.m2\repository\org\hibernate\orm\hibernate-core\6.5.3.Final\hibernate-core-6.5.3.Final.jar;C:\Users\pedro\.m2\repository\jakarta\persistence\jakarta.persistence-api\3.1.0\jakarta.persistence-api-3.1.0.jar;C:\Users\pedro\.m2\repository\jakarta\transaction\jakarta.transaction-api\2.0.1\jakarta.transaction-api-2.0.1.jar;C:\Users\pedro\.m2\repository\org\jboss\logging\jboss-logging\3.5.3.Final\jboss-logging-3.5.3.Final.jar;C:\Users\pedro\.m2\repository\org\hibernate\common\hibernate-commons-annotations\6.0.6.Final\hibernate-commons-annotations-6.0.6.Final.jar;C:\Users\pedro\.m2\repository\io\smallrye\jandex\3.1.2\jandex-3.1.2.jar;C:\Users\pedro\.m2\repository\com\fasterxml\classmate\1.7.0\classmate-1.7.0.jar;C:\Users\pedro\.m2\repository\net\bytebuddy\byte-buddy\1.14.19\byte-buddy-1.14.19.jar;C:\Users\pedro\.m2\repository\org\glassfish\jaxb\jaxb-runtime\4.0.5\jaxb-runtime-4.0.5.jar;C:\Users\pedro\.m2\repository\org\glassfish\jaxb\jaxb-core\4.0.5\jaxb-core-4.0.5.jar;C:\Users\pedro\.m2\repository\org\eclipse\angus\angus-activation\2.0.2\angus-activation-2.0.2.jar;C:\Users\pedro\.m2\repository\org\glassfish\jaxb\txw2\4.0.5\txw2-4.0.5.jar;C:\Users\pedro\.m2\repository\com\sun\istack\istack-commons-runtime\4.1.2\istack-commons-runtime
Launcher Type: SUN_STANDARD

[Global flags]
     intx CICompilerCount                          = 4                                         {product} {ergonomic}
     uint ConcGCThreads                            = 2                                         {product} {ergonomic}
     uint G1ConcRefinementThreads                  = 8                                         {product} {ergonomic}
   size_t G1HeapRegionSize                         = 2097152                                   {product} {ergonomic}
    uintx GCDrainStackTargetSize                   = 64                                        {product} {ergonomic}
   size_t InitialHeapSize                          = 264241152                                 {product} {ergonomic}
   size_t MarkStackSize                            = 4194304                                   {product} {ergonomic}
   size_t MaxHeapSize                              = 4227858432                                {product} {ergonomic}
   size_t MaxNewSize                               = 2535456768                                {product} {ergonomic}
   size_t MinHeapDeltaBytes                        = 2097152                                   {product} {ergonomic}
   size_t MinHeapSize                              = 8388608                                   {product} {ergonomic}
    uintx NonNMethodCodeHeapSize                   = 5839372                                {pd product} {ergonomic}
    uintx NonProfiledCodeHeapSize                  = 122909434                              {pd product} {ergonomic}
    uintx ProfiledCodeHeapSize                     = 122909434                              {pd product} {ergonomic}
    uintx ReservedCodeCacheSize                    = 251658240                              {pd product} {ergonomic}
     bool SegmentedCodeCache                       = true                                      {product} {ergonomic}
   size_t SoftMaxHeapSize                          = 4227858432                             {manageable} {ergonomic}
     bool UseCompressedClassPointers               = true                           {product lp64_product} {ergonomic}
     bool UseCompressedOops                        = true                           {product lp64_product} {ergonomic}
     bool UseG1GC                                  = true                                      {product} {ergonomic}
     bool UseLargePagesIndividualAllocation        = false                                  {pd product} {ergonomic}

Logging:
Log output configuration:
 #0: stdout all=warning uptime,level,tags
 #1: stderr all=off uptime,level,tags

Environment Variables:
JAVA_HOME=C:\Program Files\Java\jdk-17
PATH=C:\Python312\Scripts\;C:\Python312\;C:\Program Files\Common Files\Oracle\Java\javapath;C:\Program Files (x86)\Common Files\Oracle\Java\java8path;C:\Program Files (x86)\Common Files\Oracle\Java\javapath;C:\Windows\system32;C:\Windows;C:\Windows\System32\Wbem;C:\Windows\System32\WindowsPowerShell\v1.0\;C:\Windows\System32\OpenSSH\;C:\Program Files\dotnet\;C:\Program Files (x86)\NVIDIA Corporation\PhysX\Common;C:\ProgramData\UNIVALI\Portugol Studio;C:\Program Files\Git\cmd;C:\ProgramData\chocolatey\bin;C:\WINDOWS\system32;C:\WINDOWS;C:\WINDOWS\System32\Wbem;C:\WINDOWS\System32\WindowsPowerShell\v1.0\;C:\WINDOWS\System32\OpenSSH\;C:\Program Files\NVIDIA Corporation\NVIDIA app\NvDLISR;C:\Program Files\nodejs\;C:\Users\pedro\AppData\Local\Microsoft\WindowsApps;C:\Users\pedro\AppData\Local\GitHubDesktop\bin;C:\Users\pedro\AppData\Local\Programs\Microsoft VS Code\bin;C:\Users\pedro\AppData\Roaming\npm
USERNAME=pedro
OS=Windows_NT
PROCESSOR_IDENTIFIER=Intel64 Family 6 Model 140 Stepping 2, GenuineIntel



---------------  S Y S T E M  ---------------

OS:
 Windows 11 , 64 bit Build 26100 (10.0.26100.8521)
OS uptime: 12 days 4:12 hours
Hyper-V role detected

CPU: total 8 (initial active 8) (4 cores per cpu, 2 threads per core) family 6 model 140 stepping 2 microcode 0x3c, cx8, cmov, fxsr, ht, mmx, 3dnowpref, sse, sse2, sse3, ssse3, sse4.1, sse4.2, popcnt, lzcnt, tsc, tscinvbit, avx, avx2, aes, erms, clmul, bmi1, bmi2, adx, avx512f, avx512dq, avx512cd, avx512bw, avx512vl, sha, fma, vzeroupper, avx512_vpopcntdq, avx512_vpclmulqdq, avx512_vaes, avx512_vnni, clflush, clflushopt, clwb, avx512_vbmi2, avx512_vbmi, hv

Memory: 4k page, system-wide physical 16122M (2163M free)
TotalPageFile size 65274M (AvailPageFile size 139M)
current process WorkingSet (physical memory assigned to process): 148M, peak: 148M
current process commit charge ("private bytes"): 403M, peak: 405M

vm_info: Java HotSpot(TM) 64-Bit Server VM (17.0.8+9-LTS-211) for windows-amd64 JRE (17.0.8+9-LTS-211), built on Jun 14 2023 10:34:31 by "mach5one" with MS VC++ 17.1 (VS2022)

END.
